iMPACT Version: 13.4

iMPACT log file Started on Wed Apr 25 09:27:55 2018

Welcome to iMPACT
iMPACT Version: 13.4
// *** BATCH CMD : loadProjectFile -file"D:\GitHub\AE-XILLYBUS\AE\download\download.ipf"
'1': Loading file 'D:\GitHub\AE-XILLYBUS\AE\ae_inst.bit' ...
done.
INFO:iMPACT:1777 - 
   Reading C:/Xilinx/13.4/ISE_DS/ISE/spartan6/data/xc6slx45t.bsd...
INFO:iMPACT:2257 - Startup Clock has been changed to 'JtagClk' in the bitstream   stored in memory,
   but the original bitstream file remains unchanged.
UserID read from the bitstream file = 0xFFFFFFFF.
Data width read from the bitstream file = 1.
INFO:iMPACT:501 - '1': Added Device xc6slx45t successfully.
----------------------------------------------------------------------
Active mode is BS
// *** BATCH CMD : setMode -ss
// *** BATCH CMD : setMode -sm
// *** BATCH CMD : setMode -hw140
// *** BATCH CMD : setMode -spi
// *** BATCH CMD : setMode -acecf
// *** BATCH CMD : setMode -acempm
// *** BATCH CMD : setMode -pff
// *** BATCH CMD : setMode -bs
Project: 'D:\GitHub\AE-XILLYBUS\AE\download\download.ipf' loaded.
// *** BATCH CMD : setMode -pff
// *** BATCH CMD : addConfigDevice  -name "ad9240" -path"D:\GitHub\AE-XILLYBUS\AE\download\"
// *** BATCH CMD : setSubmode -pffspi
// *** BATCH CMD : setAttribute -configdevice -attr multibootBpiType -value ""
// *** BATCH CMD : addDesign -version 0 -name "0"
// *** BATCH CMD : setMode -pff
// *** BATCH CMD : addDeviceChain -index 0
// *** BATCH CMD : setMode -pff
// *** BATCH CMD : addDeviceChain -index 0
Override chain at index 0.
Overriding chain at index 0.
// *** BATCH CMD : setAttribute -configdevice -attr compressed -value "FALSE"
// *** BATCH CMD : setAttribute -configdevice -attr autoSize -value "FALSE"
// *** BATCH CMD : setAttribute -configdevice -attr fileFormat -value "mcs"
// *** BATCH CMD : setAttribute -configdevice -attr fillValue -value "FF"
// *** BATCH CMD : setAttribute -configdevice -attr swapBit -value "FALSE"
// *** BATCH CMD : setAttribute -configdevice -attr dir -value "UP"
// *** BATCH CMD : setAttribute -configdevice -attr multiboot -value "FALSE"
// *** BATCH CMD : setAttribute -configdevice -attr spiSelected -value "TRUE"
// *** BATCH CMD : addPromDevice -p 1 -size 8192 -name 8M
'1': Added Device 8M successfully.
----------------------------------------------------------------------
// *** BATCH CMD : setMode -bs
// *** BATCH CMD : setMode -pff
// *** BATCH CMD : addDeviceChain -index 0
Override chain at index 0.
Overriding chain at index 0.
// *** BATCH CMD : setMode -pff
// *** BATCH CMD : addDeviceChain -index 0
Override chain at index 0.
Overriding chain at index 0.
// *** BATCH CMD : setSubmode -pffspi
// *** BATCH CMD : setMode -pff
------------------------  GUI: Wizard Data Report  ---------------------------
      Compression : false
      Fill Value : FF
      Output Format : mcs
      Swap Bits : false
      LoadDirection : UP
      PROM Basename : ad9240
      File Location : D:\GitHub\AE-XILLYBUS\AE\download\/
      Auto Select : false
      Number of Revisions : 1
      Number of PROMs : 1
      PROM Name : 8M   PROM Size : 8388608 bits
-------------------------- END of Report ----------------------------
// *** BATCH CMD : setAttribute -design -attr name -value "0000"
// *** BATCH CMD : addDevice -p 1 -file "D:/GitHub/AE-XILLYBUS/AE/ae_inst.bit"
'1': Loading file 'D:/GitHub/AE-XILLYBUS/AE/ae_inst.bit' ...
INFO:iMPACT - Elapsed time =      1 sec.
done.
INFO:iMPACT:501 - '1': Added Device xc6slx45t successfully.
----------------------------------------------------------------------
Add one device.16abf2INFO:iMPACT - Current time: 2018/4/25 9:28:46
// *** BATCH CMD : setMode -pff
// *** BATCH CMD : setSubmode -pffspi
Total configuration bit size = 11884096  bits.
Total configuration byte size = 1485512 bytes.
// *** BATCH CMD : generate
0x16aac8 (1485512) bytes loaded up from 0x0
Using user-specified prom size of 8192K
Writing file "D:\GitHub\AE-XILLYBUS\AE\download\ad9240.mcs".
Writing file "D:\GitHub\AE-XILLYBUS\AE\download\ad9240.prm".
Writing file "D:\GitHub\AE-XILLYBUS\AE\download\ad9240.cfi".
// *** BATCH CMD : setCurrentDesign -version 0
// *** BATCH CMD : setMode -bs
GUI --- Auto connect to cable...
// *** BATCH CMD : setCable -port auto
INFO:iMPACT - Digilent Plugin: no JTAG device was found.
AutoDetecting cable. Please wait.
PROGRESS_START - Starting Operation.
Connecting to cable (Usb Port - USB21).
Checking cable driver.
 Driver file xusb_xlp.sys found.
 Driver version: src=1029, dest=1029.
 Driver windrvr6.sys version = 10.2.1.0. WinDriver v10.21 Jungo (c) 1997 - 2010 Build Date: Aug 31 2010 x86_64 64bit SYS14:14:44, version = 1021.
 Cable PID = 0008.
 Max current requested during enumeration is 74 mA.
Type = 0x0004.
 Cable Type = 3, Revision = 0.
 Setting cable speed to 6 MHz.
Cable connection established.
Firmware version = 1029.
File version of C:/Xilinx/13.4/ISE_DS/ISE/data/xusb_xlp.hex = 1303.
Firmware hex file version = 1303.
Downloading C:/Xilinx/13.4/ISE_DS/ISE/data/xusb_xlp.hex.
Downloaded firmware version = 1303.
PLD file version = 0012h.
 PLD version = 0012h.
PROGRESS_END - End Operation.
Elapsed time =      1 sec.
Type = 0x0004.
 ESN device is not available for this cable.
Attempting to identify devices in the boundary-scan chain configuration...
INFO:iMPACT - Current time: 2018/4/25 9:29:27
// *** BATCH CMD : Identify -inferir 
PROGRESS_START - Starting Operation.
Identifying chain contents...'0': : Manufacturer's ID = Xilinx xc6slx45t, Version : 3
INFO:iMPACT:1777 - 
   Reading C:/Xilinx/13.4/ISE_DS/ISE/spartan6/data/xc6slx45t.bsd...
INFO:iMPACT:501 - '1': Added Device xc6slx45t successfully.
----------------------------------------------------------------------
done.
PROGRESS_END - End Operation.
Elapsed time =      0 sec.
// *** BATCH CMD : identifyMPM 
Selected part: W25Q64BV
// *** BATCH CMD : attachflash -position 1 -spi "W25Q64BV"
Unprotect sectors: FALSE
// *** BATCH CMD : assignfiletoattachedflash -position 1 -file"D:/GitHub/AE-XILLYBUS/AE/download/ad9240.mcs"
INFO:iMPACT - Current time: 2018/4/25 9:29:53
// *** BATCH CMD : Erase -p 1 -spionly 
Maximum TCK operating frequency for this device chain: 25000000.
Validating chain...
Boundary-scan chain validated successfully.
'1': SPI access core not detected. SPI access core will be downloaded to thedevice to enable operations.
INFO:iMPACT - Downloading core file   C:/Xilinx/13.4/ISE_DS/ISE/spartan6/data/xc6slx45t_spi.cor.
PROGRESS_START - Starting Operation.
'1': Downloading core...
 LCK_cycle = NoWait.
LCK cycle: NoWait
done.
'1': Reading status register contents...
INFO:iMPACT:2219 - Status register values:
INFO:iMPACT - 0011 1100 1110 1100 
INFO:iMPACT:2492 - '1': Completed downloading core to device.
'1': IDCODE is 'ef4017' (in hex).
'1': ID Check passed.
'1': IDCODE is 'ef4017' (in hex).
'1': ID Check passed.
'1': IDCODE is 'ef4017' (in hex).
'1': ID Check passed.
'1': Erasing Device.
'1': Using Sector Erase.
'1': Erasing non-volatile quad-enable bit...
W25Q64BV Status Register Contents = 0x0000.
QUAD ENABLE                                       :         0
STATUS REGISTER PROTECT 1                         :         0
STATUS REGISTER PROTECT 0                         :         0
SECTOR PROTECT                                    :         0
TOP/BOTTOM PROTECT                                :         0
BLOCK PROTECT BIT 2                               :         0
BLOCK PROTECT BIT 1                               :         0
BLOCK PROTECT BIT 0                               :         0
PROGRESS_END - End Operation.
Elapsed time =     23 sec.
INFO:iMPACT - Current time: 2018/4/25 9:30:22
// *** BATCH CMD : Program -p 1 -dataWidth 1 -spionly -e -v -loadfpga 
Maximum TCK operating frequency for this device chain: 25000000.
Validating chain...
Boundary-scan chain validated successfully.
PROGRESS_START - Starting Operation.
'1': IDCODE is 'ef4017' (in hex).
'1': ID Check passed.
'1': IDCODE is 'ef4017' (in hex).
'1': ID Check passed.
'1': Erasing Device.
'1': Using Sector Erase.
'1': Erasing non-volatile quad-enable bit...
'1': Programming Flash.
'1': Reading device contents...
done.
'1': Verification completed.
'1':Programming in x1 mode.
W25Q64BV Status Register Contents = 0x0000.
QUAD ENABLE                                       :         0
STATUS REGISTER PROTECT 1                         :         0
STATUS REGISTER PROTECT 0                         :         0
SECTOR PROTECT                                    :         0
TOP/BOTTOM PROTECT                                :         0
BLOCK PROTECT BIT 2                               :         0
BLOCK PROTECT BIT 1                               :         0
BLOCK PROTECT BIT 0                               :         0
'1': Programmed successfully.
INFO:iMPACT - '1': Flash was programmed successfully.
 LCK_cycle = NoWait.
LCK cycle: NoWait
INFO:iMPACT - '1': Checking done pin....done.
'1': Programmed successfully.
PROGRESS_END - End Operation.
Elapsed time =    216 sec.
Cable is not connected.
// *** BATCH CMD : setMode -bs
// *** BATCH CMD : setMode -pff
INFO:iMPACT - Launching WebTalk, please refer to the webtalk log at   D:\GitHub\AE-XILLYBUS\AE\download/webtalk.log for details.
INFO:iMPACT - Running wbtc successfully.
// *** BATCH CMD : setMode -bs
// *** BATCH CMD : deleteDevice -position 1
// *** BATCH CMD : setMode -bs
// *** BATCH CMD : setMode -ss
// *** BATCH CMD : setMode -sm
// *** BATCH CMD : setMode -hw140
// *** BATCH CMD : setMode -spi
// *** BATCH CMD : setMode -acecf
// *** BATCH CMD : setMode -acempm
// *** BATCH CMD : setMode -pff
// *** BATCH CMD : deletePromDevice -position 1
// *** BATCH CMD : setCurrentDesign -version 0
// *** BATCH CMD : deleteDevice -position 1
// *** BATCH CMD : deleteDesign -version 0
// *** BATCH CMD : setCurrentDesign -version -1
