#-----------------------------------------------------------
# PlanAhead v13.4 (64-bit)
# Build 157570 by hdbuild on Fri Dec 16 13:06:31 MST 2011
# Start of session at: Wed Apr 25 08:43:13 2018
# Process ID: 11244
# Log file: D:/GitHub/AE-XILLYBUS/AE/planAhead_run_1/planAhead.log
# Journal file: D:/GitHub/AE-XILLYBUS/AE/planAhead_run_1/planAhead.jou
#-----------------------------------------------------------
INFO: [Common-78] Attempting to get a license: PlanAhead
INFO: [Common-82] Got a license: PlanAhead
INFO: [Device-25] Loading parts and site information from C:/Xilinx/13.4/ISE_DS/PlanAhead\parts\arch.xmlParsing RTL primitives file [C:/Xilinx/13.4/ISE_DS/PlanAhead\parts\xilinx\rtl\prims\rtl_prims.xml]
Finished parsing RTL primitives file [C:/Xilinx/13.4/ISE_DS/PlanAhead\parts\xilinx\rtl\prims\rtl_prims.xml]
start_gui
source D:/GitHub/AE-XILLYBUS/AE/pa.fromHdl.tcl
# create_project -name AE -dir "D:/GitHub/AE-XILLYBUS/AE/planAhead_run_1" -part xc6slx45tcsg324-3
Parsing template File [C:/Xilinx/13.4/ISE_DS/ISE\data\projnav\templates\verilog.xml].
Finished parsing template File [C:/Xilinx/13.4/ISE_DS/ISE\data\projnav\templates\verilog.xml].
Parsing template File [C:/Xilinx/13.4/ISE_DS/ISE\data\projnav\templates\vhdl.xml].
Finished parsing template File [C:/Xilinx/13.4/ISE_DS/ISE\data\projnav\templates\vhdl.xml].
Parsing template File [C:/Xilinx/13.4/ISE_DS/ISE\data\projnav\templates\ucf.xml].
Finished parsing template File [C:/Xilinx/13.4/ISE_DS/ISE\data\projnav\templates\ucf.xml].
# set_param project.pinAheadLayout yes
# set srcset [get_property srcset [current_run -impl]]
# set_property verify_dir { {D:/GitHub/AE-XILLYBUS/AE/src} } $srcset
ERROR: [Common-142] Invalid property name 'verify_dir'.  Please use the 'list_property' command to find properties supported by the target 'fileset' object.exit
stop_gui
INFO: [PlanAhead-261] Exiting PlanAhead...
INFO: [Common-83] Releasing license: PlanAhead
